[+] Containers:
 |- [+] Container: /Game/ThirdPerson/Maps/ThirdPersonMap
 |   |- [+] ActorDescs:
 |   |   |- Guid:01A0948D42774E0E9BACA2A7C14A547B BaseClass: NativeClass:/Script/Engine.StaticMeshActor Name:StaticMeshActor_UAID_28D0EA949BB5B52E02_1382394937 Label:SM_Cube3 SpatiallyLoaded:1 Bounds:IsValid=true, Min=(X=5660.000 Y=990.000 Z=3870.000), Max=(X=6160.000 Y=1415.000 Z=3970.000) RuntimeGrid:None EditorOnly:0 RuntimeOnly:0 HLODRelevant:1 ListedInSceneOutliner:1 IsMainWorldOnly:0 FolderPath:Platforms FolderGuid:2F81D5AE4517392FE548B8B954BDF05C
 |   |   |- Guid:01F412E9481546D71A175DB8A20AD7D7 BaseClass: NativeClass:/Script/Engine.StaticMeshActor Name:StaticMeshActor_UAID_28D0EA949BB5B52E02_1793614956 Label:Cylinder12 SpatiallyLoaded:1 Bounds:IsValid=true, Min=(X=897.500 Y=1160.000 Z=4020.000), Max=(X=1622.500 Y=1260.000 Z=4120.000) RuntimeGrid:None EditorOnly:0 RuntimeOnly:0 HLODRelevant:1 ListedInSceneOutliner:1 IsMainWorldOnly:0
 |   |   |- Guid:08F1F0F644515AB9D11ED394FD811983 BaseClass: NativeClass:/Script/Engine.StaticMeshActor Name:StaticMeshActor_UAID_28D0EA949BB5B52E02_1686114943 Label:Cylinder SpatiallyLoaded:1 Bounds:IsValid=true, Min=(X=3280.000 Y=1350.000 Z=2977.500), Max=(X=3380.000 Y=1450.000 Z=3702.500) RuntimeGrid:None EditorOnly:0 RuntimeOnly:0 HLODRelevant:1 ListedInSceneOutliner:1 IsMainWorldOnly:0
 |   |   |- Guid:12AF77F544C80F5D323F3EAED1C7FE4F BaseClass: NativeClass:/Script/Engine.StaticMeshActor Name:StaticMeshActor_UAID_28D0EA949BB5B52E02_1133699934 Label:SM_Cube10 SpatiallyLoaded:1 Bounds:IsValid=true, Min=(X=-1270.000 Y=340.000 Z=0.000), Max=(X=7555.000 Y=440.000 Z=4950.000) RuntimeGrid:None EditorOnly:0 RuntimeOnly:0 HLODRelevant:1 ListedInSceneOutliner:1 IsMainWorldOnly:0
 |   |   |- Guid:1601465744118683ACD09FBB48899519 BaseClass: NativeClass:/Script/Engine.StaticMeshActor Name:StaticMeshActor_UAID_28D0EA949BB5B52E02_1823916957 Label:SM_Cube14 SpatiallyLoaded:1 Bounds:IsValid=true, Min=(X=1350.000 Y=1020.000 Z=3470.000), Max=(X=1525.000 Y=1370.000 Z=3620.000) RuntimeGrid:None EditorOnly:0 RuntimeOnly:0 HLODRelevant:1 ListedInSceneOutliner:1 IsMainWorldOnly:0 FolderPath:Platforms FolderGuid:2F81D5AE4517392FE548B8B954BDF05C
 |   |   |- Guid:18FF961B4DBFEBB7B21CD28FB63E57D4 BaseClass: NativeClass:/Script/Engine.StaticMeshActor Name:StaticMeshActor_UAID_28D0EA949BB5B52E02_1750125951 Label:Cylinder9 SpatiallyLoaded:1 Bounds:IsValid=true, Min=(X=2650.000 Y=1130.000 Z=2977.500), Max=(X=2750.000 Y=1230.000 Z=3702.500) RuntimeGrid:None EditorOnly:0 RuntimeOnly:0 HLODRelevant:1 ListedInSceneOutliner:1 IsMainWorldOnly:0
 |   |   |- Guid:1F2D8CA14554CA81350B9B8517D0604B BaseClass: NativeClass:/Script/Engine.StaticMeshActor Name:StaticMeshActor_UAID_28D0EA949BB5B52E02_1769256954 Label:SM_Cube12 SpatiallyLoaded:1 Bounds:IsValid=true, Min=(X=1670.000 Y=980.000 Z=3240.000), Max=(X=2295.000 Y=1455.000 Z=3340.000) RuntimeGrid:None EditorOnly:0 RuntimeOnly:0 HLODRelevant:1 ListedInSceneOutliner:1 IsMainWorldOnly:0 FolderPath:Platforms FolderGuid:2F81D5AE4517392FE548B8B954BDF05C
 |   |   |- Guid:22F1116543CCD0CAA018E781750BE6F2 BaseClass: NativeClass:/Script/Engine.StaticMeshActor Name:StaticMeshActor_UAID_28D0EA949BB5B52E02_1721276946 Label:Cylinder4 SpatiallyLoaded:1 Bounds:IsValid=true, Min=(X=2890.000 Y=1130.000 Z=2977.500), Max=(X=2990.000 Y=1230.000 Z=3702.500) RuntimeGrid:None EditorOnly:0 RuntimeOnly:0 HLODRelevant:1 ListedInSceneOutliner:1 IsMainWorldOnly:0
 |   |   |- Guid:26F7E78242BB153DC5246EA31BD1A196 BaseClass: NativeClass:/Script/Engine.StaticMeshActor Name:StaticMeshActor_UAID_28D0EA949BB5B52E02_1729179949 Label:Cylinder7 SpatiallyLoaded:1 Bounds:IsValid=true, Min=(X=2780.000 Y=1300.000 Z=2977.500), Max=(X=2880.000 Y=1400.000 Z=3702.500) RuntimeGrid:None EditorOnly:0 RuntimeOnly:0 HLODRelevant:1 ListedInSceneOutliner:1 IsMainWorldOnly:0
 |   |   |- Guid:2FB58999456391D349DC0F86DAC136ED BaseClass: NativeClass:/Script/Engine.SkyLight Name:SkyLight_1 Label:SkyLight SpatiallyLoaded:0 Bounds:IsValid=true, Min=(X=0.000 Y=0.000 Z=690.000), Max=(X=0.000 Y=0.000 Z=690.000) RuntimeGrid:None EditorOnly:0 RuntimeOnly:0 HLODRelevant:0 ListedInSceneOutliner:1 IsMainWorldOnly:0 FolderPath:Lighting FolderGuid:963EC3EB4002CCE9759E2EBA541A873A
 |   |   |- Guid:3119030C4FF7381338FFB5B3CDDBB043 BaseClass: NativeClass:/Script/Engine.StaticMeshActor Name:StaticMeshActor_UAID_28D0EA949BB5B52E02_1725788948 Label:Cylinder6 SpatiallyLoaded:1 Bounds:IsValid=true, Min=(X=3010.000 Y=1370.000 Z=2977.500), Max=(X=3110.000 Y=1470.000 Z=3702.500) RuntimeGrid:None EditorOnly:0 RuntimeOnly:0 HLODRelevant:1 ListedInSceneOutliner:1 IsMainWorldOnly:0
 |   |   |- Guid:316CF2A6494ACA4C0E4180A87D36AB8F BaseClass: NativeClass:/Script/Engine.ExponentialHeightFog Name:ExponentialHeightFog_0 Label:ExponentialHeightFog SpatiallyLoaded:0 Bounds:IsValid=true, Min=(X=-5600.000 Y=-50.000 Z=-6850.000), Max=(X=-5600.000 Y=-50.000 Z=-6850.000) RuntimeGrid:None EditorOnly:0 RuntimeOnly:0 HLODRelevant:0 ListedInSceneOutliner:1 IsMainWorldOnly:0 FolderPath:Lighting FolderGuid:963EC3EB4002CCE9759E2EBA541A873A
 |   |   |- Guid:38CB3C824154F4798C5A1993077A936F BaseClass: NativeClass:/Script/Engine.StaticMeshActor Name:StaticMeshActor_UAID_28D0EA949BB5B52E02_1434791939 Label:SM_Cube5 SpatiallyLoaded:1 Bounds:IsValid=true, Min=(X=4590.000 Y=990.000 Z=3640.000), Max=(X=5090.000 Y=1415.000 Z=3740.000) RuntimeGrid:None EditorOnly:0 RuntimeOnly:0 HLODRelevant:1 ListedInSceneOutliner:1 IsMainWorldOnly:0 FolderPath:Platforms FolderGuid:2F81D5AE4517392FE548B8B954BDF05C
 |   |   |- Guid:3A00AA1C422CE54C0BDB60BAF471BFBB BaseClass: NativeClass:/Script/Engine.PlayerStart Name:PlayerStart_0 Label:PlayerStart SpatiallyLoaded:0 Bounds:IsValid=true, Min=(X=7130.000 Y=1160.000 Z=4190.013), Max=(X=7210.000 Y=1240.000 Z=4374.013) RuntimeGrid:None EditorOnly:0 RuntimeOnly:0 HLODRelevant:0 ListedInSceneOutliner:1 IsMainWorldOnly:0
 |   |   |- Guid:3CC0EFA9419E0848B79C1F95C8696469 BaseClass: NativeClass:/Script/Engine.StaticMeshActor Name:StaticMeshActor_UAID_28D0EA949BB5B52E02_1447445941 Label:SM_Cube11 SpatiallyLoaded:1 Bounds:IsValid=true, Min=(X=3590.000 Y=990.000 Z=3640.000), Max=(X=4090.000 Y=1415.000 Z=3740.000) RuntimeGrid:None EditorOnly:0 RuntimeOnly:0 HLODRelevant:1 ListedInSceneOutliner:1 IsMainWorldOnly:0 FolderPath:Platforms FolderGuid:2F81D5AE4517392FE548B8B954BDF05C
 |   |   |- Guid:3EE64A904E16DD360840038FF4EC1BF7 BaseClass: NativeClass:/Script/Engine.StaticMeshActor Name:StaticMeshActor_UAID_28D0EA949BB5B52E02_1717919945 Label:Cylinder3 SpatiallyLoaded:1 Bounds:IsValid=true, Min=(X=3320.000 Y=1110.000 Z=2977.500), Max=(X=3420.000 Y=1210.000 Z=3702.500) RuntimeGrid:None EditorOnly:0 RuntimeOnly:0 HLODRelevant:1 ListedInSceneOutliner:1 IsMainWorldOnly:0
 |   |   |- Guid:440778B945F81889A55A139F33681048 BaseClass: NativeClass:/Script/Engine.StaticMeshActor Name:StaticMeshActor_UAID_28D0EA949BB5B52E02_1714060944 Label:Cylinder2 SpatiallyLoaded:1 Bounds:IsValid=true, Min=(X=3110.000 Y=960.000 Z=2977.500), Max=(X=3210.000 Y=1060.000 Z=3702.500) RuntimeGrid:None EditorOnly:0 RuntimeOnly:0 HLODRelevant:1 ListedInSceneOutliner:1 IsMainWorldOnly:0
 |   |   |- Guid:4AB322D34ECF630B5D8E8A83145EE33B BaseClass: NativeClass:/Script/Engine.StaticMeshActor Name:StaticMeshActor_UAID_28D0EA949BB5B52E02_1879929958 Label:Cylinder13 SpatiallyLoaded:1 Bounds:IsValid=true, Min=(X=1427.500 Y=1197.500 Z=3607.500), Max=(X=1452.500 Y=1222.500 Z=4032.500) RuntimeGrid:None EditorOnly:0 RuntimeOnly:0 HLODRelevant:1 ListedInSceneOutliner:1 IsMainWorldOnly:0
 |   |   |- Guid:4D3BE93F4146AAAC8BBE79999D96D57F BaseClass: NativeClass:/Script/Engine.VolumetricCloud Name:VolumetricCloud_0 Label:VolumetricCloud SpatiallyLoaded:0 Bounds:IsValid=true, Min=(X=0.000 Y=0.000 Z=820.000), Max=(X=0.000 Y=0.000 Z=820.000) RuntimeGrid:None EditorOnly:0 RuntimeOnly:0 HLODRelevant:0 ListedInSceneOutliner:1 IsMainWorldOnly:0 FolderPath:Lighting FolderGuid:963EC3EB4002CCE9759E2EBA541A873A
 |   |   |- Guid:612A13034958861459A0BB8AA5E89BC9 BaseClass: NativeClass:/Script/Engine.StaticMeshActor Name:StaticMeshActor_UAID_28D0EA949BB5B52E02_1745795950 Label:Cylinder8 SpatiallyLoaded:1 Bounds:IsValid=true, Min=(X=2570.000 Y=930.000 Z=2977.500), Max=(X=2670.000 Y=1030.000 Z=3702.500) RuntimeGrid:None EditorOnly:0 RuntimeOnly:0 HLODRelevant:1 ListedInSceneOutliner:1 IsMainWorldOnly:0
 |   |   |- Guid:6BAF4DDD444C60371492D3919DB42C97 BaseClass: NativeClass:/Script/Engine.WorldDataLayers Name:WorldDataLayers Label:WorldDataLayers SpatiallyLoaded:0 Bounds:IsValid=true, Min=(X=0.000 Y=0.000 Z=0.000), Max=(X=0.000 Y=0.000 Z=0.000) RuntimeGrid:None EditorOnly:0 RuntimeOnly:0 HLODRelevant:0 ListedInSceneOutliner:1 IsMainWorldOnly:1
 |   |   |- Guid:74D488544FB7C073516DECB09525F4C9 BaseClass: NativeClass:/Script/Engine.StaticMeshActor Name:StaticMeshActor_UAID_28D0EA949BB5B52E02_1754703953 Label:Cylinder11 SpatiallyLoaded:1 Bounds:IsValid=true, Min=(X=2570.000 Y=1430.000 Z=2977.500), Max=(X=2670.000 Y=1530.000 Z=3702.500) RuntimeGrid:None EditorOnly:0 RuntimeOnly:0 HLODRelevant:1 ListedInSceneOutliner:1 IsMainWorldOnly:0
 |   |   |- Guid:7B186348429E8D547FCEF39682097514 BaseClass: NativeClass:/Script/Engine.StaticMeshActor Name:StaticMeshActor_UAID_28D0EA949BB5B52E02_1964351959 Label:SM_Cube15 SpatiallyLoaded:1 Bounds:IsValid=true, Min=(X=1020.000 Y=1020.000 Z=3470.000), Max=(X=1195.000 Y=1370.000 Z=3620.000) RuntimeGrid:None EditorOnly:0 RuntimeOnly:0 HLODRelevant:1 ListedInSceneOutliner:1 IsMainWorldOnly:0 FolderPath:Platforms FolderGuid:2F81D5AE4517392FE548B8B954BDF05C
 |   |   |- Guid:7EB61C24477E14DA28088FA84C1E8BFD BaseClass: NativeClass:/Script/Engine.StaticMeshActor Name:StaticMeshActor_UAID_28D0EA949BB5B52E02_1445066940 Label:SM_Cube6 SpatiallyLoaded:1 Bounds:IsValid=true, Min=(X=4090.000 Y=990.000 Z=3640.000), Max=(X=4590.000 Y=1415.000 Z=3740.000) RuntimeGrid:None EditorOnly:0 RuntimeOnly:0 HLODRelevant:1 ListedInSceneOutliner:1 IsMainWorldOnly:0 FolderPath:Platforms FolderGuid:2F81D5AE4517392FE548B8B954BDF05C
 |   |   |- Guid:8C40F9994776DF87F00F8896EE7C960F BaseClass: NativeClass:/Script/Engine.StaticMeshActor Name:StaticMeshActor_UAID_28D0EA949BB5B52E02_1413765938 Label:SM_Cube4 SpatiallyLoaded:1 Bounds:IsValid=true, Min=(X=5830.000 Y=990.000 Z=4360.000), Max=(X=5980.000 Y=1415.000 Z=4835.000) RuntimeGrid:None EditorOnly:0 RuntimeOnly:0 HLODRelevant:1 ListedInSceneOutliner:1 IsMainWorldOnly:0 FolderPath:Platforms FolderGuid:2F81D5AE4517392FE548B8B954BDF05C
 |   |   |- Guid:8DA6562E4FD9762A7B476FACD2565468 BaseClass: NativeClass:/Script/Engine.StaticMeshActor Name:StaticMeshActor_UAID_28D0EA949BB5B42E02_1564637753 Label:SM_Cube8 SpatiallyLoaded:1 Bounds:IsValid=true, Min=(X=-1185.000 Y=6260.000 Z=0.000), Max=(X=7640.000 Y=6360.000 Z=4950.000) RuntimeGrid:None EditorOnly:0 RuntimeOnly:0 HLODRelevant:1 ListedInSceneOutliner:1 IsMainWorldOnly:0
 |   |   |- Guid:9B4B7A9541327F24273E3EB5D5C4FBDC BaseClass: NativeClass:/Script/Engine.StaticMeshActor Name:StaticMeshActor_UAID_28D0EA949BB5B42E02_1564635752 Label:SM_Cube7 SpatiallyLoaded:1 Bounds:IsValid=true, Min=(X=7540.000 Y=0.000 Z=0.000), Max=(X=7640.000 Y=6750.000 Z=4950.000) RuntimeGrid:None EditorOnly:0 RuntimeOnly:0 HLODRelevant:1 ListedInSceneOutliner:1 IsMainWorldOnly:0
 |   |   |- Guid:9EB68BA94D9DB85BB0E4C7881342B529 BaseClass: NativeClass:/Script/Engine.StaticMeshActor Name:StaticMeshActor_UAID_28D0EA949BB5B52E02_1752733952 Label:Cylinder10 SpatiallyLoaded:1 Bounds:IsValid=true, Min=(X=2830.000 Y=930.000 Z=2977.500), Max=(X=2930.000 Y=1030.000 Z=3702.500) RuntimeGrid:None EditorOnly:0 RuntimeOnly:0 HLODRelevant:1 ListedInSceneOutliner:1 IsMainWorldOnly:0
 |   |   |- Guid:B74B505643E4379D21442DB1654E2748 BaseClass: NativeClass:/Script/Engine.StaticMeshActor Name:StaticMeshActor_UAID_28D0EA949BB5B52E02_1788117955 Label:SM_Cube13 SpatiallyLoaded:1 Bounds:IsValid=true, Min=(X=270.000 Y=980.000 Z=3240.000), Max=(X=895.000 Y=1455.000 Z=3340.000) RuntimeGrid:None EditorOnly:0 RuntimeOnly:0 HLODRelevant:1 ListedInSceneOutliner:1 IsMainWorldOnly:0 FolderPath:Platforms FolderGuid:2F81D5AE4517392FE548B8B954BDF05C
 |   |   |- Guid:B785ED2844B84CFB91E7F39FE661CD99 BaseClass: NativeClass:/Script/Engine.DirectionalLight Name:DirectionalLight_0 Label:DirectionalLight SpatiallyLoaded:0 Bounds:IsValid=true, Min=(X=-1048576.000 Y=-1048576.000 Z=-1048576.000), Max=(X=1048576.000 Y=1048576.000 Z=1048576.000) RuntimeGrid:None EditorOnly:0 RuntimeOnly:0 HLODRelevant:0 ListedInSceneOutliner:1 IsMainWorldOnly:0 FolderPath:Lighting FolderGuid:963EC3EB4002CCE9759E2EBA541A873A
 |   |   |- Guid:C8D03C8B412940CA1A8271AF84F4435C BaseClass: NativeClass:/Script/Engine.StaticMeshActor Name:StaticMeshActor_UAID_28D0EA949BB5B52E02_1964353960 Label:Cylinder14 SpatiallyLoaded:1 Bounds:IsValid=true, Min=(X=1097.500 Y=1197.500 Z=3607.500), Max=(X=1122.500 Y=1222.500 Z=4032.500) RuntimeGrid:None EditorOnly:0 RuntimeOnly:0 HLODRelevant:1 ListedInSceneOutliner:1 IsMainWorldOnly:0
 |   |   |- Guid:CB19A2924E14C792CDA4C59492C524E1 BaseClass: NativeClass:/Script/Engine.StaticMeshActor Name:StaticMeshActor_UAID_28D0EA949BB5B52E02_1232941935 Label:SM_Cube SpatiallyLoaded:1 Bounds:IsValid=true, Min=(X=6590.000 Y=830.000 Z=4080.000), Max=(X=7565.000 Y=1580.000 Z=4180.000) RuntimeGrid:None EditorOnly:0 RuntimeOnly:0 HLODRelevant:1 ListedInSceneOutliner:1 IsMainWorldOnly:0 FolderPath:Platforms FolderGuid:2F81D5AE4517392FE548B8B954BDF05C
 |   |   |- Guid:CCFF262C46EEFFDF319E7F9539CE697E BaseClass: NativeClass:/Script/Engine.SkyAtmosphere Name:SkyAtmosphere_0 Label:SkyAtmosphere SpatiallyLoaded:0 Bounds:IsValid=true, Min=(X=0.000 Y=0.000 Z=1020.000), Max=(X=0.000 Y=0.000 Z=1020.000) RuntimeGrid:None EditorOnly:0 RuntimeOnly:0 HLODRelevant:0 ListedInSceneOutliner:1 IsMainWorldOnly:0 FolderPath:Lighting FolderGuid:963EC3EB4002CCE9759E2EBA541A873A
 |   |   |- Guid:CF54801D4CDD0621FC707BA9D2D04814 BaseClass: NativeClass:/Script/Engine.StaticMeshActor Name:StaticMeshActor_UAID_28D0EA949BB5B42E02_2003204756 Label:Plane SpatiallyLoaded:1 Bounds:IsValid=true, Min=(X=-1627.500 Y=65.000 Z=-0.000), Max=(X=8347.500 Y=6815.000 Z=0.000) RuntimeGrid:None EditorOnly:0 RuntimeOnly:0 HLODRelevant:1 ListedInSceneOutliner:1 IsMainWorldOnly:0
 |   |   |- Guid:D898C1474347358B23AF08926C1D0D9A BaseClass: NativeClass:/Script/Engine.StaticMeshActor Name:StaticMeshActor_UAID_28D0EA949BB5B52E02_1352685936 Label:SM_Cube2 SpatiallyLoaded:1 Bounds:IsValid=true, Min=(X=6590.000 Y=5520.000 Z=1210.000), Max=(X=7565.000 Y=6270.000 Z=1310.000) RuntimeGrid:None EditorOnly:0 RuntimeOnly:0 HLODRelevant:1 ListedInSceneOutliner:1 IsMainWorldOnly:0
 |   |   |- Guid:EC4E0C944CE6AC6E784BC6BB2916EA13 BaseClass: NativeClass:/Script/Engine.StaticMeshActor Name:StaticMeshActor_UAID_A4AE111137DC5EFB00_1110535423 Label:SM_SkySphere SpatiallyLoaded:0 Bounds:IsValid=true, Min=(X=-1638400.000 Y=-1638400.000 Z=-1638400.000), Max=(X=1638400.000 Y=1638400.000 Z=1638400.000) RuntimeGrid:None EditorOnly:0 RuntimeOnly:0 HLODRelevant:1 ListedInSceneOutliner:1 IsMainWorldOnly:0 FolderPath:Lighting FolderGuid:963EC3EB4002CCE9759E2EBA541A873A
 |   |   |- Guid:F5E3FEB3450C49844FD93DA8E083C8AD BaseClass: NativeClass:/Script/Engine.PostProcessVolume Name:PostProcessVolume_0 Label:PostProcessVolume SpatiallyLoaded:0 Bounds:IsValid=true, Min=(X=0.000 Y=0.000 Z=400.000), Max=(X=200.000 Y=200.000 Z=600.000) RuntimeGrid:None EditorOnly:0 RuntimeOnly:0 HLODRelevant:0 ListedInSceneOutliner:1 IsMainWorldOnly:0 FolderPath:Lighting FolderGuid:963EC3EB4002CCE9759E2EBA541A873A
 |   |   |- Guid:F8FABA3A4744BA5CCA643198F0B4C653 BaseClass: NativeClass:/Script/Engine.StaticMeshActor Name:StaticMeshActor_UAID_28D0EA949BB5B52E02_1723509947 Label:Cylinder5 SpatiallyLoaded:1 Bounds:IsValid=true, Min=(X=3090.000 Y=1180.000 Z=2977.500), Max=(X=3190.000 Y=1280.000 Z=3702.500) RuntimeGrid:None EditorOnly:0 RuntimeOnly:0 HLODRelevant:1 ListedInSceneOutliner:1 IsMainWorldOnly:0
 |   |   |- Guid:FDF7B77A4C28A4492B217B868A40A032 BaseClass: NativeClass:/Script/Engine.StaticMeshActor Name:StaticMeshActor_UAID_28D0EA949BB5B52E02_1133698933 Label:SM_Cube9 SpatiallyLoaded:1 Bounds:IsValid=true, Min=(X=-1120.000 Y=100.000 Z=0.000), Max=(X=-1020.000 Y=6850.000 Z=4950.000) RuntimeGrid:None EditorOnly:0 RuntimeOnly:0 HLODRelevant:1 ListedInSceneOutliner:1 IsMainWorldOnly:0
 |   |   |- Guid:FF7A1A544A65F258D856379417DC0325 BaseClass: NativeClass:/Script/Engine.StaticMeshActor Name:StaticMeshActor_UAID_28D0EA949BB5B52E02_1969307961 Label:SM_Cube16 SpatiallyLoaded:1 Bounds:IsValid=true, Min=(X=1150.000 Y=980.000 Z=3240.000), Max=(X=1375.000 Y=1455.000 Z=3340.000) RuntimeGrid:None EditorOnly:0 RuntimeOnly:0 HLODRelevant:1 ListedInSceneOutliner:1 IsMainWorldOnly:0 FolderPath:Platforms FolderGuid:2F81D5AE4517392FE548B8B954BDF05C
 |   |- [+] Clusters:
 |   |   |- [+] [  0]
 |   |   |   |- Guid:01A0948D42774E0E9BACA2A7C14A547B BaseClass: NativeClass:/Script/Engine.StaticMeshActor Name:StaticMeshActor_UAID_28D0EA949BB5B52E02_1382394937 Label:SM_Cube3 SpatiallyLoaded:1 Bounds:IsValid=true, Min=(X=5660.000 Y=990.000 Z=3870.000), Max=(X=6160.000 Y=1415.000 Z=3970.000) RuntimeGrid:None EditorOnly:0 RuntimeOnly:0 HLODRelevant:1 ListedInSceneOutliner:1 IsMainWorldOnly:0 FolderPath:Platforms FolderGuid:2F81D5AE4517392FE548B8B954BDF05C
 |   |   |- [+] [  1]
 |   |   |   |- Guid:01F412E9481546D71A175DB8A20AD7D7 BaseClass: NativeClass:/Script/Engine.StaticMeshActor Name:StaticMeshActor_UAID_28D0EA949BB5B52E02_1793614956 Label:Cylinder12 SpatiallyLoaded:1 Bounds:IsValid=true, Min=(X=897.500 Y=1160.000 Z=4020.000), Max=(X=1622.500 Y=1260.000 Z=4120.000) RuntimeGrid:None EditorOnly:0 RuntimeOnly:0 HLODRelevant:1 ListedInSceneOutliner:1 IsMainWorldOnly:0
 |   |   |- [+] [  2]
 |   |   |   |- Guid:08F1F0F644515AB9D11ED394FD811983 BaseClass: NativeClass:/Script/Engine.StaticMeshActor Name:StaticMeshActor_UAID_28D0EA949BB5B52E02_1686114943 Label:Cylinder SpatiallyLoaded:1 Bounds:IsValid=true, Min=(X=3280.000 Y=1350.000 Z=2977.500), Max=(X=3380.000 Y=1450.000 Z=3702.500) RuntimeGrid:None EditorOnly:0 RuntimeOnly:0 HLODRelevant:1 ListedInSceneOutliner:1 IsMainWorldOnly:0
 |   |   |- [+] [  3]
 |   |   |   |- Guid:12AF77F544C80F5D323F3EAED1C7FE4F BaseClass: NativeClass:/Script/Engine.StaticMeshActor Name:StaticMeshActor_UAID_28D0EA949BB5B52E02_1133699934 Label:SM_Cube10 SpatiallyLoaded:1 Bounds:IsValid=true, Min=(X=-1270.000 Y=340.000 Z=0.000), Max=(X=7555.000 Y=440.000 Z=4950.000) RuntimeGrid:None EditorOnly:0 RuntimeOnly:0 HLODRelevant:1 ListedInSceneOutliner:1 IsMainWorldOnly:0
 |   |   |- [+] [  4]
 |   |   |   |- Guid:1601465744118683ACD09FBB48899519 BaseClass: NativeClass:/Script/Engine.StaticMeshActor Name:StaticMeshActor_UAID_28D0EA949BB5B52E02_1823916957 Label:SM_Cube14 SpatiallyLoaded:1 Bounds:IsValid=true, Min=(X=1350.000 Y=1020.000 Z=3470.000), Max=(X=1525.000 Y=1370.000 Z=3620.000) RuntimeGrid:None EditorOnly:0 RuntimeOnly:0 HLODRelevant:1 ListedInSceneOutliner:1 IsMainWorldOnly:0 FolderPath:Platforms FolderGuid:2F81D5AE4517392FE548B8B954BDF05C
 |   |   |- [+] [  5]
 |   |   |   |- Guid:18FF961B4DBFEBB7B21CD28FB63E57D4 BaseClass: NativeClass:/Script/Engine.StaticMeshActor Name:StaticMeshActor_UAID_28D0EA949BB5B52E02_1750125951 Label:Cylinder9 SpatiallyLoaded:1 Bounds:IsValid=true, Min=(X=2650.000 Y=1130.000 Z=2977.500), Max=(X=2750.000 Y=1230.000 Z=3702.500) RuntimeGrid:None EditorOnly:0 RuntimeOnly:0 HLODRelevant:1 ListedInSceneOutliner:1 IsMainWorldOnly:0
 |   |   |- [+] [  6]
 |   |   |   |- Guid:1F2D8CA14554CA81350B9B8517D0604B BaseClass: NativeClass:/Script/Engine.StaticMeshActor Name:StaticMeshActor_UAID_28D0EA949BB5B52E02_1769256954 Label:SM_Cube12 SpatiallyLoaded:1 Bounds:IsValid=true, Min=(X=1670.000 Y=980.000 Z=3240.000), Max=(X=2295.000 Y=1455.000 Z=3340.000) RuntimeGrid:None EditorOnly:0 RuntimeOnly:0 HLODRelevant:1 ListedInSceneOutliner:1 IsMainWorldOnly:0 FolderPath:Platforms FolderGuid:2F81D5AE4517392FE548B8B954BDF05C
 |   |   |- [+] [  7]
 |   |   |   |- Guid:22F1116543CCD0CAA018E781750BE6F2 BaseClass: NativeClass:/Script/Engine.StaticMeshActor Name:StaticMeshActor_UAID_28D0EA949BB5B52E02_1721276946 Label:Cylinder4 SpatiallyLoaded:1 Bounds:IsValid=true, Min=(X=2890.000 Y=1130.000 Z=2977.500), Max=(X=2990.000 Y=1230.000 Z=3702.500) RuntimeGrid:None EditorOnly:0 RuntimeOnly:0 HLODRelevant:1 ListedInSceneOutliner:1 IsMainWorldOnly:0
 |   |   |- [+] [  8]
 |   |   |   |- Guid:26F7E78242BB153DC5246EA31BD1A196 BaseClass: NativeClass:/Script/Engine.StaticMeshActor Name:StaticMeshActor_UAID_28D0EA949BB5B52E02_1729179949 Label:Cylinder7 SpatiallyLoaded:1 Bounds:IsValid=true, Min=(X=2780.000 Y=1300.000 Z=2977.500), Max=(X=2880.000 Y=1400.000 Z=3702.500) RuntimeGrid:None EditorOnly:0 RuntimeOnly:0 HLODRelevant:1 ListedInSceneOutliner:1 IsMainWorldOnly:0
 |   |   |- [+] [  9]
 |   |   |   |- Guid:2FB58999456391D349DC0F86DAC136ED BaseClass: NativeClass:/Script/Engine.SkyLight Name:SkyLight_1 Label:SkyLight SpatiallyLoaded:0 Bounds:IsValid=true, Min=(X=0.000 Y=0.000 Z=690.000), Max=(X=0.000 Y=0.000 Z=690.000) RuntimeGrid:None EditorOnly:0 RuntimeOnly:0 HLODRelevant:0 ListedInSceneOutliner:1 IsMainWorldOnly:0 FolderPath:Lighting FolderGuid:963EC3EB4002CCE9759E2EBA541A873A
 |   |   |- [+] [ 10]
 |   |   |   |- Guid:3119030C4FF7381338FFB5B3CDDBB043 BaseClass: NativeClass:/Script/Engine.StaticMeshActor Name:StaticMeshActor_UAID_28D0EA949BB5B52E02_1725788948 Label:Cylinder6 SpatiallyLoaded:1 Bounds:IsValid=true, Min=(X=3010.000 Y=1370.000 Z=2977.500), Max=(X=3110.000 Y=1470.000 Z=3702.500) RuntimeGrid:None EditorOnly:0 RuntimeOnly:0 HLODRelevant:1 ListedInSceneOutliner:1 IsMainWorldOnly:0
 |   |   |- [+] [ 11]
 |   |   |   |- Guid:316CF2A6494ACA4C0E4180A87D36AB8F BaseClass: NativeClass:/Script/Engine.ExponentialHeightFog Name:ExponentialHeightFog_0 Label:ExponentialHeightFog SpatiallyLoaded:0 Bounds:IsValid=true, Min=(X=-5600.000 Y=-50.000 Z=-6850.000), Max=(X=-5600.000 Y=-50.000 Z=-6850.000) RuntimeGrid:None EditorOnly:0 RuntimeOnly:0 HLODRelevant:0 ListedInSceneOutliner:1 IsMainWorldOnly:0 FolderPath:Lighting FolderGuid:963EC3EB4002CCE9759E2EBA541A873A
 |   |   |- [+] [ 12]
 |   |   |   |- Guid:38CB3C824154F4798C5A1993077A936F BaseClass: NativeClass:/Script/Engine.StaticMeshActor Name:StaticMeshActor_UAID_28D0EA949BB5B52E02_1434791939 Label:SM_Cube5 SpatiallyLoaded:1 Bounds:IsValid=true, Min=(X=4590.000 Y=990.000 Z=3640.000), Max=(X=5090.000 Y=1415.000 Z=3740.000) RuntimeGrid:None EditorOnly:0 RuntimeOnly:0 HLODRelevant:1 ListedInSceneOutliner:1 IsMainWorldOnly:0 FolderPath:Platforms FolderGuid:2F81D5AE4517392FE548B8B954BDF05C
 |   |   |- [+] [ 13]
 |   |   |   |- Guid:3A00AA1C422CE54C0BDB60BAF471BFBB BaseClass: NativeClass:/Script/Engine.PlayerStart Name:PlayerStart_0 Label:PlayerStart SpatiallyLoaded:0 Bounds:IsValid=true, Min=(X=7130.000 Y=1160.000 Z=4190.013), Max=(X=7210.000 Y=1240.000 Z=4374.013) RuntimeGrid:None EditorOnly:0 RuntimeOnly:0 HLODRelevant:0 ListedInSceneOutliner:1 IsMainWorldOnly:0
 |   |   |- [+] [ 14]
 |   |   |   |- Guid:3CC0EFA9419E0848B79C1F95C8696469 BaseClass: NativeClass:/Script/Engine.StaticMeshActor Name:StaticMeshActor_UAID_28D0EA949BB5B52E02_1447445941 Label:SM_Cube11 SpatiallyLoaded:1 Bounds:IsValid=true, Min=(X=3590.000 Y=990.000 Z=3640.000), Max=(X=4090.000 Y=1415.000 Z=3740.000) RuntimeGrid:None EditorOnly:0 RuntimeOnly:0 HLODRelevant:1 ListedInSceneOutliner:1 IsMainWorldOnly:0 FolderPath:Platforms FolderGuid:2F81D5AE4517392FE548B8B954BDF05C
 |   |   |- [+] [ 15]
 |   |   |   |- Guid:3EE64A904E16DD360840038FF4EC1BF7 BaseClass: NativeClass:/Script/Engine.StaticMeshActor Name:StaticMeshActor_UAID_28D0EA949BB5B52E02_1717919945 Label:Cylinder3 SpatiallyLoaded:1 Bounds:IsValid=true, Min=(X=3320.000 Y=1110.000 Z=2977.500), Max=(X=3420.000 Y=1210.000 Z=3702.500) RuntimeGrid:None EditorOnly:0 RuntimeOnly:0 HLODRelevant:1 ListedInSceneOutliner:1 IsMainWorldOnly:0
 |   |   |- [+] [ 16]
 |   |   |   |- Guid:440778B945F81889A55A139F33681048 BaseClass: NativeClass:/Script/Engine.StaticMeshActor Name:StaticMeshActor_UAID_28D0EA949BB5B52E02_1714060944 Label:Cylinder2 SpatiallyLoaded:1 Bounds:IsValid=true, Min=(X=3110.000 Y=960.000 Z=2977.500), Max=(X=3210.000 Y=1060.000 Z=3702.500) RuntimeGrid:None EditorOnly:0 RuntimeOnly:0 HLODRelevant:1 ListedInSceneOutliner:1 IsMainWorldOnly:0
 |   |   |- [+] [ 17]
 |   |   |   |- Guid:4AB322D34ECF630B5D8E8A83145EE33B BaseClass: NativeClass:/Script/Engine.StaticMeshActor Name:StaticMeshActor_UAID_28D0EA949BB5B52E02_1879929958 Label:Cylinder13 SpatiallyLoaded:1 Bounds:IsValid=true, Min=(X=1427.500 Y=1197.500 Z=3607.500), Max=(X=1452.500 Y=1222.500 Z=4032.500) RuntimeGrid:None EditorOnly:0 RuntimeOnly:0 HLODRelevant:1 ListedInSceneOutliner:1 IsMainWorldOnly:0
 |   |   |- [+] [ 18]
 |   |   |   |- Guid:4D3BE93F4146AAAC8BBE79999D96D57F BaseClass: NativeClass:/Script/Engine.VolumetricCloud Name:VolumetricCloud_0 Label:VolumetricCloud SpatiallyLoaded:0 Bounds:IsValid=true, Min=(X=0.000 Y=0.000 Z=820.000), Max=(X=0.000 Y=0.000 Z=820.000) RuntimeGrid:None EditorOnly:0 RuntimeOnly:0 HLODRelevant:0 ListedInSceneOutliner:1 IsMainWorldOnly:0 FolderPath:Lighting FolderGuid:963EC3EB4002CCE9759E2EBA541A873A
 |   |   |- [+] [ 19]
 |   |   |   |- Guid:612A13034958861459A0BB8AA5E89BC9 BaseClass: NativeClass:/Script/Engine.StaticMeshActor Name:StaticMeshActor_UAID_28D0EA949BB5B52E02_1745795950 Label:Cylinder8 SpatiallyLoaded:1 Bounds:IsValid=true, Min=(X=2570.000 Y=930.000 Z=2977.500), Max=(X=2670.000 Y=1030.000 Z=3702.500) RuntimeGrid:None EditorOnly:0 RuntimeOnly:0 HLODRelevant:1 ListedInSceneOutliner:1 IsMainWorldOnly:0
 |   |   |- [+] [ 20]
 |   |   |   |- Guid:6BAF4DDD444C60371492D3919DB42C97 BaseClass: NativeClass:/Script/Engine.WorldDataLayers Name:WorldDataLayers Label:WorldDataLayers SpatiallyLoaded:0 Bounds:IsValid=true, Min=(X=0.000 Y=0.000 Z=0.000), Max=(X=0.000 Y=0.000 Z=0.000) RuntimeGrid:None EditorOnly:0 RuntimeOnly:0 HLODRelevant:0 ListedInSceneOutliner:1 IsMainWorldOnly:1
 |   |   |- [+] [ 21]
 |   |   |   |- Guid:74D488544FB7C073516DECB09525F4C9 BaseClass: NativeClass:/Script/Engine.StaticMeshActor Name:StaticMeshActor_UAID_28D0EA949BB5B52E02_1754703953 Label:Cylinder11 SpatiallyLoaded:1 Bounds:IsValid=true, Min=(X=2570.000 Y=1430.000 Z=2977.500), Max=(X=2670.000 Y=1530.000 Z=3702.500) RuntimeGrid:None EditorOnly:0 RuntimeOnly:0 HLODRelevant:1 ListedInSceneOutliner:1 IsMainWorldOnly:0
 |   |   |- [+] [ 22]
 |   |   |   |- Guid:7B186348429E8D547FCEF39682097514 BaseClass: NativeClass:/Script/Engine.StaticMeshActor Name:StaticMeshActor_UAID_28D0EA949BB5B52E02_1964351959 Label:SM_Cube15 SpatiallyLoaded:1 Bounds:IsValid=true, Min=(X=1020.000 Y=1020.000 Z=3470.000), Max=(X=1195.000 Y=1370.000 Z=3620.000) RuntimeGrid:None EditorOnly:0 RuntimeOnly:0 HLODRelevant:1 ListedInSceneOutliner:1 IsMainWorldOnly:0 FolderPath:Platforms FolderGuid:2F81D5AE4517392FE548B8B954BDF05C
 |   |   |- [+] [ 23]
 |   |   |   |- Guid:7EB61C24477E14DA28088FA84C1E8BFD BaseClass: NativeClass:/Script/Engine.StaticMeshActor Name:StaticMeshActor_UAID_28D0EA949BB5B52E02_1445066940 Label:SM_Cube6 SpatiallyLoaded:1 Bounds:IsValid=true, Min=(X=4090.000 Y=990.000 Z=3640.000), Max=(X=4590.000 Y=1415.000 Z=3740.000) RuntimeGrid:None EditorOnly:0 RuntimeOnly:0 HLODRelevant:1 ListedInSceneOutliner:1 IsMainWorldOnly:0 FolderPath:Platforms FolderGuid:2F81D5AE4517392FE548B8B954BDF05C
 |   |   |- [+] [ 24]
 |   |   |   |- Guid:8C40F9994776DF87F00F8896EE7C960F BaseClass: NativeClass:/Script/Engine.StaticMeshActor Name:StaticMeshActor_UAID_28D0EA949BB5B52E02_1413765938 Label:SM_Cube4 SpatiallyLoaded:1 Bounds:IsValid=true, Min=(X=5830.000 Y=990.000 Z=4360.000), Max=(X=5980.000 Y=1415.000 Z=4835.000) RuntimeGrid:None EditorOnly:0 RuntimeOnly:0 HLODRelevant:1 ListedInSceneOutliner:1 IsMainWorldOnly:0 FolderPath:Platforms FolderGuid:2F81D5AE4517392FE548B8B954BDF05C
 |   |   |- [+] [ 25]
 |   |   |   |- Guid:8DA6562E4FD9762A7B476FACD2565468 BaseClass: NativeClass:/Script/Engine.StaticMeshActor Name:StaticMeshActor_UAID_28D0EA949BB5B42E02_1564637753 Label:SM_Cube8 SpatiallyLoaded:1 Bounds:IsValid=true, Min=(X=-1185.000 Y=6260.000 Z=0.000), Max=(X=7640.000 Y=6360.000 Z=4950.000) RuntimeGrid:None EditorOnly:0 RuntimeOnly:0 HLODRelevant:1 ListedInSceneOutliner:1 IsMainWorldOnly:0
 |   |   |- [+] [ 26]
 |   |   |   |- Guid:9B4B7A9541327F24273E3EB5D5C4FBDC BaseClass: NativeClass:/Script/Engine.StaticMeshActor Name:StaticMeshActor_UAID_28D0EA949BB5B42E02_1564635752 Label:SM_Cube7 SpatiallyLoaded:1 Bounds:IsValid=true, Min=(X=7540.000 Y=0.000 Z=0.000), Max=(X=7640.000 Y=6750.000 Z=4950.000) RuntimeGrid:None EditorOnly:0 RuntimeOnly:0 HLODRelevant:1 ListedInSceneOutliner:1 IsMainWorldOnly:0
 |   |   |- [+] [ 27]
 |   |   |   |- Guid:9EB68BA94D9DB85BB0E4C7881342B529 BaseClass: NativeClass:/Script/Engine.StaticMeshActor Name:StaticMeshActor_UAID_28D0EA949BB5B52E02_1752733952 Label:Cylinder10 SpatiallyLoaded:1 Bounds:IsValid=true, Min=(X=2830.000 Y=930.000 Z=2977.500), Max=(X=2930.000 Y=1030.000 Z=3702.500) RuntimeGrid:None EditorOnly:0 RuntimeOnly:0 HLODRelevant:1 ListedInSceneOutliner:1 IsMainWorldOnly:0
 |   |   |- [+] [ 28]
 |   |   |   |- Guid:B74B505643E4379D21442DB1654E2748 BaseClass: NativeClass:/Script/Engine.StaticMeshActor Name:StaticMeshActor_UAID_28D0EA949BB5B52E02_1788117955 Label:SM_Cube13 SpatiallyLoaded:1 Bounds:IsValid=true, Min=(X=270.000 Y=980.000 Z=3240.000), Max=(X=895.000 Y=1455.000 Z=3340.000) RuntimeGrid:None EditorOnly:0 RuntimeOnly:0 HLODRelevant:1 ListedInSceneOutliner:1 IsMainWorldOnly:0 FolderPath:Platforms FolderGuid:2F81D5AE4517392FE548B8B954BDF05C
 |   |   |- [+] [ 29]
 |   |   |   |- Guid:B785ED2844B84CFB91E7F39FE661CD99 BaseClass: NativeClass:/Script/Engine.DirectionalLight Name:DirectionalLight_0 Label:DirectionalLight SpatiallyLoaded:0 Bounds:IsValid=true, Min=(X=-1048576.000 Y=-1048576.000 Z=-1048576.000), Max=(X=1048576.000 Y=1048576.000 Z=1048576.000) RuntimeGrid:None EditorOnly:0 RuntimeOnly:0 HLODRelevant:0 ListedInSceneOutliner:1 IsMainWorldOnly:0 FolderPath:Lighting FolderGuid:963EC3EB4002CCE9759E2EBA541A873A
 |   |   |- [+] [ 30]
 |   |   |   |- Guid:C8D03C8B412940CA1A8271AF84F4435C BaseClass: NativeClass:/Script/Engine.StaticMeshActor Name:StaticMeshActor_UAID_28D0EA949BB5B52E02_1964353960 Label:Cylinder14 SpatiallyLoaded:1 Bounds:IsValid=true, Min=(X=1097.500 Y=1197.500 Z=3607.500), Max=(X=1122.500 Y=1222.500 Z=4032.500) RuntimeGrid:None EditorOnly:0 RuntimeOnly:0 HLODRelevant:1 ListedInSceneOutliner:1 IsMainWorldOnly:0
 |   |   |- [+] [ 31]
 |   |   |   |- Guid:CB19A2924E14C792CDA4C59492C524E1 BaseClass: NativeClass:/Script/Engine.StaticMeshActor Name:StaticMeshActor_UAID_28D0EA949BB5B52E02_1232941935 Label:SM_Cube SpatiallyLoaded:1 Bounds:IsValid=true, Min=(X=6590.000 Y=830.000 Z=4080.000), Max=(X=7565.000 Y=1580.000 Z=4180.000) RuntimeGrid:None EditorOnly:0 RuntimeOnly:0 HLODRelevant:1 ListedInSceneOutliner:1 IsMainWorldOnly:0 FolderPath:Platforms FolderGuid:2F81D5AE4517392FE548B8B954BDF05C
 |   |   |- [+] [ 32]
 |   |   |   |- Guid:CCFF262C46EEFFDF319E7F9539CE697E BaseClass: NativeClass:/Script/Engine.SkyAtmosphere Name:SkyAtmosphere_0 Label:SkyAtmosphere SpatiallyLoaded:0 Bounds:IsValid=true, Min=(X=0.000 Y=0.000 Z=1020.000), Max=(X=0.000 Y=0.000 Z=1020.000) RuntimeGrid:None EditorOnly:0 RuntimeOnly:0 HLODRelevant:0 ListedInSceneOutliner:1 IsMainWorldOnly:0 FolderPath:Lighting FolderGuid:963EC3EB4002CCE9759E2EBA541A873A
 |   |   |- [+] [ 33]
 |   |   |   |- Guid:CF54801D4CDD0621FC707BA9D2D04814 BaseClass: NativeClass:/Script/Engine.StaticMeshActor Name:StaticMeshActor_UAID_28D0EA949BB5B42E02_2003204756 Label:Plane SpatiallyLoaded:1 Bounds:IsValid=true, Min=(X=-1627.500 Y=65.000 Z=-0.000), Max=(X=8347.500 Y=6815.000 Z=0.000) RuntimeGrid:None EditorOnly:0 RuntimeOnly:0 HLODRelevant:1 ListedInSceneOutliner:1 IsMainWorldOnly:0
 |   |   |- [+] [ 34]
 |   |   |   |- Guid:D898C1474347358B23AF08926C1D0D9A BaseClass: NativeClass:/Script/Engine.StaticMeshActor Name:StaticMeshActor_UAID_28D0EA949BB5B52E02_1352685936 Label:SM_Cube2 SpatiallyLoaded:1 Bounds:IsValid=true, Min=(X=6590.000 Y=5520.000 Z=1210.000), Max=(X=7565.000 Y=6270.000 Z=1310.000) RuntimeGrid:None EditorOnly:0 RuntimeOnly:0 HLODRelevant:1 ListedInSceneOutliner:1 IsMainWorldOnly:0
 |   |   |- [+] [ 35]
 |   |   |   |- Guid:EC4E0C944CE6AC6E784BC6BB2916EA13 BaseClass: NativeClass:/Script/Engine.StaticMeshActor Name:StaticMeshActor_UAID_A4AE111137DC5EFB00_1110535423 Label:SM_SkySphere SpatiallyLoaded:0 Bounds:IsValid=true, Min=(X=-1638400.000 Y=-1638400.000 Z=-1638400.000), Max=(X=1638400.000 Y=1638400.000 Z=1638400.000) RuntimeGrid:None EditorOnly:0 RuntimeOnly:0 HLODRelevant:1 ListedInSceneOutliner:1 IsMainWorldOnly:0 FolderPath:Lighting FolderGuid:963EC3EB4002CCE9759E2EBA541A873A
 |   |   |- [+] [ 36]
 |   |   |   |- Guid:F5E3FEB3450C49844FD93DA8E083C8AD BaseClass: NativeClass:/Script/Engine.PostProcessVolume Name:PostProcessVolume_0 Label:PostProcessVolume SpatiallyLoaded:0 Bounds:IsValid=true, Min=(X=0.000 Y=0.000 Z=400.000), Max=(X=200.000 Y=200.000 Z=600.000) RuntimeGrid:None EditorOnly:0 RuntimeOnly:0 HLODRelevant:0 ListedInSceneOutliner:1 IsMainWorldOnly:0 FolderPath:Lighting FolderGuid:963EC3EB4002CCE9759E2EBA541A873A
 |   |   |- [+] [ 37]
 |   |   |   |- Guid:F8FABA3A4744BA5CCA643198F0B4C653 BaseClass: NativeClass:/Script/Engine.StaticMeshActor Name:StaticMeshActor_UAID_28D0EA949BB5B52E02_1723509947 Label:Cylinder5 SpatiallyLoaded:1 Bounds:IsValid=true, Min=(X=3090.000 Y=1180.000 Z=2977.500), Max=(X=3190.000 Y=1280.000 Z=3702.500) RuntimeGrid:None EditorOnly:0 RuntimeOnly:0 HLODRelevant:1 ListedInSceneOutliner:1 IsMainWorldOnly:0
 |   |   |- [+] [ 38]
 |   |   |   |- Guid:FDF7B77A4C28A4492B217B868A40A032 BaseClass: NativeClass:/Script/Engine.StaticMeshActor Name:StaticMeshActor_UAID_28D0EA949BB5B52E02_1133698933 Label:SM_Cube9 SpatiallyLoaded:1 Bounds:IsValid=true, Min=(X=-1120.000 Y=100.000 Z=0.000), Max=(X=-1020.000 Y=6850.000 Z=4950.000) RuntimeGrid:None EditorOnly:0 RuntimeOnly:0 HLODRelevant:1 ListedInSceneOutliner:1 IsMainWorldOnly:0
 |   |   |- [+] [ 39]
 |   |   |   |- Guid:FF7A1A544A65F258D856379417DC0325 BaseClass: NativeClass:/Script/Engine.StaticMeshActor Name:StaticMeshActor_UAID_28D0EA949BB5B52E02_1969307961 Label:SM_Cube16 SpatiallyLoaded:1 Bounds:IsValid=true, Min=(X=1150.000 Y=980.000 Z=3240.000), Max=(X=1375.000 Y=1455.000 Z=3340.000) RuntimeGrid:None EditorOnly:0 RuntimeOnly:0 HLODRelevant:1 ListedInSceneOutliner:1 IsMainWorldOnly:0 FolderPath:Platforms FolderGuid:2F81D5AE4517392FE548B8B954BDF05C
 |- ContainerInstances:
 |- [+] MainContainer:
 |   |-        ID: 00000000000000000000000000000000
 |   |-  ParentID: 00000000000000000000000000000000
 |   |-    Bounds: IsValid=false, Min=(X=0.000 Y=0.000 Z=0.000), Max=(X=0.000 Y=0.000 Z=0.000)
 |   |- Transform: 0.000000,0.000000,0.000000|0.000000,0.000000,-0.000000|1.000000,1.000000,1.000000
 |   |- Container: /Game/ThirdPerson/Maps/ThirdPersonMap
----------------------------------------------------------------------------------------------------------------
ThirdPersonMap - Persistent Level
----------------------------------------------------------------------------------------------------------------
[+] Content of ThirdPersonMap Persistent Level
 |- Always loaded Actor Count: 40 
 |- Actor Path: /Game/ThirdPerson/Maps/ThirdPersonMap.ThirdPersonMap:PersistentLevel.DirectionalLight_0
 |- Actor Package: /Game/__ExternalActors__/ThirdPerson/Maps/ThirdPersonMap/5/R1/TS5OQ5CRUWFZYL1ZQ7I416
 |- Actor Path: /Game/ThirdPerson/Maps/ThirdPersonMap.ThirdPersonMap:PersistentLevel.ExponentialHeightFog_0
 |- Actor Package: /Game/__ExternalActors__/ThirdPerson/Maps/ThirdPersonMap/6/J7/N10XDC9G27EMLS5AGZ6AVV
 |- Actor Path: /Game/ThirdPerson/Maps/ThirdPersonMap.ThirdPersonMap:PersistentLevel.PlayerStart_0
 |- Actor Package: /Game/__ExternalActors__/ThirdPerson/Maps/ThirdPersonMap/D/DE/SWSI13675DVYIZ0N4NF7Y3
 |- Actor Path: /Game/ThirdPerson/Maps/ThirdPersonMap.ThirdPersonMap:PersistentLevel.PostProcessVolume_0
 |- Actor Package: /Game/__ExternalActors__/ThirdPerson/Maps/ThirdPersonMap/1/AZ/A7GPT109Y6ZTTJD4A7TXER
 |- Actor Path: /Game/ThirdPerson/Maps/ThirdPersonMap.ThirdPersonMap:PersistentLevel.SkyAtmosphere_0
 |- Actor Package: /Game/__ExternalActors__/ThirdPerson/Maps/ThirdPersonMap/4/LN/30UBDLYFFA5ZR7U4W4L4GG
 |- Actor Path: /Game/ThirdPerson/Maps/ThirdPersonMap.ThirdPersonMap:PersistentLevel.SkyLight_1
 |- Actor Package: /Game/__ExternalActors__/ThirdPerson/Maps/ThirdPersonMap/8/S1/DXUWD12MD3HRWVVXX076BY
 |- Actor Path: /Game/ThirdPerson/Maps/ThirdPersonMap.ThirdPersonMap:PersistentLevel.StaticMeshActor_UAID_28D0EA949BB5B42E02_1564635752
 |- Actor Package: /Game/__ExternalActors__/ThirdPerson/Maps/ThirdPersonMap/0/PH/OC1XK5NFEUYAWQN1TS55MW
 |- Actor Path: /Game/ThirdPerson/Maps/ThirdPersonMap.ThirdPersonMap:PersistentLevel.StaticMeshActor_UAID_28D0EA949BB5B42E02_1564637753
 |- Actor Package: /Game/__ExternalActors__/ThirdPerson/Maps/ThirdPersonMap/4/E0/QF0NLKJTIS2LZTI79XCLPK
 |- Actor Path: /Game/ThirdPerson/Maps/ThirdPersonMap.ThirdPersonMap:PersistentLevel.StaticMeshActor_UAID_28D0EA949BB5B42E02_2003204756
 |- Actor Package: /Game/__ExternalActors__/ThirdPerson/Maps/ThirdPersonMap/3/7F/MR8IYHJRBBAOQVCP7XVL4Y
 |- Actor Path: /Game/ThirdPerson/Maps/ThirdPersonMap.ThirdPersonMap:PersistentLevel.StaticMeshActor_UAID_28D0EA949BB5B52E02_1133698933
 |- Actor Package: /Game/__ExternalActors__/ThirdPerson/Maps/ThirdPersonMap/8/HV/NCDKPQZO7WTYP3W8EX8GXP
 |- Actor Path: /Game/ThirdPerson/Maps/ThirdPersonMap.ThirdPersonMap:PersistentLevel.StaticMeshActor_UAID_28D0EA949BB5B52E02_1133699934
 |- Actor Package: /Game/__ExternalActors__/ThirdPerson/Maps/ThirdPersonMap/6/YT/H32O8TT35LUNPNMRRHN317
 |- Actor Path: /Game/ThirdPerson/Maps/ThirdPersonMap.ThirdPersonMap:PersistentLevel.StaticMeshActor_UAID_28D0EA949BB5B52E02_1232941935
 |- Actor Package: /Game/__ExternalActors__/ThirdPerson/Maps/ThirdPersonMap/D/6D/6Y6ZHHRPRYGNX3R9OMUSSC
 |- Actor Path: /Game/ThirdPerson/Maps/ThirdPersonMap.ThirdPersonMap:PersistentLevel.StaticMeshActor_UAID_28D0EA949BB5B52E02_1352685936
 |- Actor Package: /Game/__ExternalActors__/ThirdPerson/Maps/ThirdPersonMap/9/4U/UI0LML4VKLIQ44GK4M835D
 |- Actor Path: /Game/ThirdPerson/Maps/ThirdPersonMap.ThirdPersonMap:PersistentLevel.StaticMeshActor_UAID_28D0EA949BB5B52E02_1382394937
 |- Actor Package: /Game/__ExternalActors__/ThirdPerson/Maps/ThirdPersonMap/0/AZ/8SFPD0Q2GN167ZHM1NAE4U
 |- Actor Path: /Game/ThirdPerson/Maps/ThirdPersonMap.ThirdPersonMap:PersistentLevel.StaticMeshActor_UAID_28D0EA949BB5B52E02_1413765938
 |- Actor Package: /Game/__ExternalActors__/ThirdPerson/Maps/ThirdPersonMap/8/YK/NBWZW83ZZRHD7BE11GZTVI
 |- Actor Path: /Game/ThirdPerson/Maps/ThirdPersonMap.ThirdPersonMap:PersistentLevel.StaticMeshActor_UAID_28D0EA949BB5B52E02_1434791939
 |- Actor Package: /Game/__ExternalActors__/ThirdPerson/Maps/ThirdPersonMap/E/ZT/Q2X6WTUVQ08UHUOUPXCOWU
 |- Actor Path: /Game/ThirdPerson/Maps/ThirdPersonMap.ThirdPersonMap:PersistentLevel.StaticMeshActor_UAID_28D0EA949BB5B52E02_1445066940
 |- Actor Package: /Game/__ExternalActors__/ThirdPerson/Maps/ThirdPersonMap/4/KP/ZK97TB3J32VY9TO95X0M9Q
 |- Actor Path: /Game/ThirdPerson/Maps/ThirdPersonMap.ThirdPersonMap:PersistentLevel.StaticMeshActor_UAID_28D0EA949BB5B52E02_1447445941
 |- Actor Package: /Game/__ExternalActors__/ThirdPerson/Maps/ThirdPersonMap/5/IZ/T702AOKU7ENPXXZ6U3TF46
 |- Actor Path: /Game/ThirdPerson/Maps/ThirdPersonMap.ThirdPersonMap:PersistentLevel.StaticMeshActor_UAID_28D0EA949BB5B52E02_1686114943
 |- Actor Package: /Game/__ExternalActors__/ThirdPerson/Maps/ThirdPersonMap/5/11/EYXLZMS3GG4ZDI6NAHFKUU
 |- Actor Path: /Game/ThirdPerson/Maps/ThirdPersonMap.ThirdPersonMap:PersistentLevel.StaticMeshActor_UAID_28D0EA949BB5B52E02_1714060944
 |- Actor Package: /Game/__ExternalActors__/ThirdPerson/Maps/ThirdPersonMap/0/W6/V6P8XKQV6RP1MZBXHBN47H
 |- Actor Path: /Game/ThirdPerson/Maps/ThirdPersonMap.ThirdPersonMap:PersistentLevel.StaticMeshActor_UAID_28D0EA949BB5B52E02_1717919945
 |- Actor Package: /Game/__ExternalActors__/ThirdPerson/Maps/ThirdPersonMap/8/W0/5QGY87UUNRBCHQZTGQADA2
 |- Actor Path: /Game/ThirdPerson/Maps/ThirdPersonMap.ThirdPersonMap:PersistentLevel.StaticMeshActor_UAID_28D0EA949BB5B52E02_1721276946
 |- Actor Package: /Game/__ExternalActors__/ThirdPerson/Maps/ThirdPersonMap/0/O2/0F5WXAVA06ICJBH3DSMX8J
 |- Actor Path: /Game/ThirdPerson/Maps/ThirdPersonMap.ThirdPersonMap:PersistentLevel.StaticMeshActor_UAID_28D0EA949BB5B52E02_1723509947
 |- Actor Package: /Game/__ExternalActors__/ThirdPerson/Maps/ThirdPersonMap/1/KV/I85779XB2GL9ZM359HUHYZ
 |- Actor Path: /Game/ThirdPerson/Maps/ThirdPersonMap.ThirdPersonMap:PersistentLevel.StaticMeshActor_UAID_28D0EA949BB5B52E02_1725788948
 |- Actor Package: /Game/__ExternalActors__/ThirdPerson/Maps/ThirdPersonMap/1/I6/Z51N8W7YHWV05YZLB7QZI1
 |- Actor Path: /Game/ThirdPerson/Maps/ThirdPersonMap.ThirdPersonMap:PersistentLevel.StaticMeshActor_UAID_28D0EA949BB5B52E02_1729179949
 |- Actor Package: /Game/__ExternalActors__/ThirdPerson/Maps/ThirdPersonMap/8/8K/RTF0VRW1EU8R1DW21DKEIN
 |- Actor Path: /Game/ThirdPerson/Maps/ThirdPersonMap.ThirdPersonMap:PersistentLevel.StaticMeshActor_UAID_28D0EA949BB5B52E02_1745795950
 |- Actor Package: /Game/__ExternalActors__/ThirdPerson/Maps/ThirdPersonMap/D/37/AGLV91FFNPFSHQHBKH2HGA
 |- Actor Path: /Game/ThirdPerson/Maps/ThirdPersonMap.ThirdPersonMap:PersistentLevel.StaticMeshActor_UAID_28D0EA949BB5B52E02_1750125951
 |- Actor Package: /Game/__ExternalActors__/ThirdPerson/Maps/ThirdPersonMap/4/4F/YHSUA1BN49AV2QN2YQVG62
 |- Actor Path: /Game/ThirdPerson/Maps/ThirdPersonMap.ThirdPersonMap:PersistentLevel.StaticMeshActor_UAID_28D0EA949BB5B52E02_1752733952
 |- Actor Package: /Game/__ExternalActors__/ThirdPerson/Maps/ThirdPersonMap/D/U9/F2J2VOSB41JL8W4NIVUHX7
 |- Actor Path: /Game/ThirdPerson/Maps/ThirdPersonMap.ThirdPersonMap:PersistentLevel.StaticMeshActor_UAID_28D0EA949BB5B52E02_1754703953
 |- Actor Package: /Game/__ExternalActors__/ThirdPerson/Maps/ThirdPersonMap/3/F9/3J29444O1JD5ZMYL11V9TX
 |- Actor Path: /Game/ThirdPerson/Maps/ThirdPersonMap.ThirdPersonMap:PersistentLevel.StaticMeshActor_UAID_28D0EA949BB5B52E02_1769256954
 |- Actor Package: /Game/__ExternalActors__/ThirdPerson/Maps/ThirdPersonMap/1/GZ/R6AT0Y7FJKJGB7X24GJZKI
 |- Actor Path: /Game/ThirdPerson/Maps/ThirdPersonMap.ThirdPersonMap:PersistentLevel.StaticMeshActor_UAID_28D0EA949BB5B52E02_1788117955
 |- Actor Package: /Game/__ExternalActors__/ThirdPerson/Maps/ThirdPersonMap/8/K7/FUUVAUIY222RT7STM0L3NN
 |- Actor Path: /Game/ThirdPerson/Maps/ThirdPersonMap.ThirdPersonMap:PersistentLevel.StaticMeshActor_UAID_28D0EA949BB5B52E02_1793614956
 |- Actor Package: /Game/__ExternalActors__/ThirdPerson/Maps/ThirdPersonMap/E/FM/E4U6HCFOOJVTU4ONG9F36X
 |- Actor Path: /Game/ThirdPerson/Maps/ThirdPersonMap.ThirdPersonMap:PersistentLevel.StaticMeshActor_UAID_28D0EA949BB5B52E02_1823916957
 |- Actor Package: /Game/__ExternalActors__/ThirdPerson/Maps/ThirdPersonMap/D/3R/F6LZJW3OSAKAQELOK4JFJB
 |- Actor Path: /Game/ThirdPerson/Maps/ThirdPersonMap.ThirdPersonMap:PersistentLevel.StaticMeshActor_UAID_28D0EA949BB5B52E02_1879929958
 |- Actor Package: /Game/__ExternalActors__/ThirdPerson/Maps/ThirdPersonMap/8/U7/XEB5ALAQQL6200IH9IUQGB
 |- Actor Path: /Game/ThirdPerson/Maps/ThirdPersonMap.ThirdPersonMap:PersistentLevel.StaticMeshActor_UAID_28D0EA949BB5B52E02_1964351959
 |- Actor Package: /Game/__ExternalActors__/ThirdPerson/Maps/ThirdPersonMap/0/HE/5E2JHHLLTB5V68UPHJHX93
 |- Actor Path: /Game/ThirdPerson/Maps/ThirdPersonMap.ThirdPersonMap:PersistentLevel.StaticMeshActor_UAID_28D0EA949BB5B52E02_1964353960
 |- Actor Package: /Game/__ExternalActors__/ThirdPerson/Maps/ThirdPersonMap/4/4X/3Z41WEZ7DAOGXBZ1M9SS4O
 |- Actor Path: /Game/ThirdPerson/Maps/ThirdPersonMap.ThirdPersonMap:PersistentLevel.StaticMeshActor_UAID_28D0EA949BB5B52E02_1969307961
 |- Actor Package: /Game/__ExternalActors__/ThirdPerson/Maps/ThirdPersonMap/B/JP/S9OONGYOQJ19CYT3BUN8F4
 |- Actor Path: /Game/ThirdPerson/Maps/ThirdPersonMap.ThirdPersonMap:PersistentLevel.StaticMeshActor_UAID_A4AE111137DC5EFB00_1110535423
 |- Actor Package: /Game/__ExternalActors__/ThirdPerson/Maps/ThirdPersonMap/4/PN/2QISIGK5DJNQ05US8O8FXW
 |- Actor Path: /Game/ThirdPerson/Maps/ThirdPersonMap.ThirdPersonMap:PersistentLevel.VolumetricCloud_0
 |- Actor Package: /Game/__ExternalActors__/ThirdPerson/Maps/ThirdPersonMap/3/EY/87SHEJN5UBEAN2K5OV1G6R
 |- Actor Path: /Game/ThirdPerson/Maps/ThirdPersonMap.ThirdPersonMap:PersistentLevel.WorldDataLayers
 |- Actor Package: /Game/__ExternalActors__/ThirdPerson/Maps/ThirdPersonMap/0/43/HYQWORMY4JDQ5X3OKZXFLC

----------------------------------------------------------------------------------------------------------------
ThirdPersonMap - Runtime Hash Set
----------------------------------------------------------------------------------------------------------------

